<testsuite name="Mocha Tests" tests="9" failures="0" errors="0" skip="0" timestamp="Wed, 24 Jul 2013 02:37:52 GMT" time="0.154">
<testcase classname="Battle Log Data Access Object #createBattleLog" name="should can be create battle log" time="0.012"/>
<testcase classname="Battle Log Data Access Object #getBattleLogBy... when battle log exist" name="should can be get battle log by id" time="0.004"/>
<testcase classname="Battle Log Data Access Object #getBattleLogBy... when battle log exist" name="should can be get battle log by own player id" time="0.001"/>
<testcase classname="Battle Log Data Access Object #getBattleLogBy... when battle log exist" name="should can be get battle log by enemy player id" time="0.001"/>
<testcase classname="Battle Log Data Access Object #getBattleLogBy... when battle log no exist" name="should can no get battle log by id" time="0.001"/>
<testcase classname="Battle Log Data Access Object #getBattleLogBy... when battle log no exist" name="should can no get battle log by own id" time="0"/>
<testcase classname="Battle Log Data Access Object #getBattleLogBy... when battle log no exist" name="should can no get battle log by enemy id" time="0"/>
<testcase classname="Battle Log Data Access Object #deleteBattleLogBy... when battle log exist" name="should can be delete by id" time="0.002"/>
<testcase classname="Battle Log Data Access Object #deleteBattleLogBy... when battle log no exist" name="should can no delete by id" time="0.001"/>
</testsuite>
